<?xml version="1.0" encoding="UTF-8"?>
<testsuite name="user registration on page utest" tests="1" skipped="0" failures="0" errors="0" timestamp="2022-10-19T20:01:46" hostname="DESKTOP-NJM0P2F" time="35.415">
  <properties/>
  <testcase name="user registration on page utest" classname="user registration on page utest" time="35.415"/>
  <system-out><![CDATA[]]></system-out>
  <system-err><![CDATA[[Test worker] WARN net.thucydides.core.steps.BaseStepListener - stepStarted: net.thucydides.core.steps.ExecutedStepDescription@1b9c1b51
[Test worker] WARN net.thucydides.core.steps.BaseStepListener - stepStarted: net.thucydides.core.steps.ExecutedStepDescription@6bcbf05b
oct 19, 2022 3:01:46 PM org.openqa.selenium.remote.DesiredCapabilities chrome
INFORMACIÓN: Using `new ChromeOptions()` is preferred to `DesiredCapabilities.chrome()`
[Test worker] INFO net.serenitybdd.core.webdriver.driverproviders.ProvideNewDriver - Instantiating driver
[Test worker] INFO net.serenitybdd.core.webdriver.driverproviders.ProvideNewDriver - Driver capabilities: Capabilities {acceptInsecureCerts: false, browserName: chrome, chrome.switches: --start-maximized, goog:chromeOptions: {args: [--start-maximized], extensions: []}, loggingPrefs: org.openqa.selenium.logging..., platform: ANY, version: }
Starting ChromeDriver 106.0.5249.61 (511755355844955cd3e264779baf0dd38212a4d0-refs/branch-heads/5249@{#569}) on port 35130
Only local connections are allowed.
Please see https://chromedriver.chromium.org/security-considerations for suggestions on keeping ChromeDriver safe.
ChromeDriver was started successfully.
oct 19, 2022 3:01:49 PM org.openqa.selenium.remote.ProtocolHandshake createSession
INFORMACIÓN: Detected dialect: W3C
[Test worker] WARN net.thucydides.core.steps.BaseStepListener - stepFinished: current outcome:user registration on page utest:William abrir [william opens the Utest page]
[Test worker] WARN net.thucydides.core.steps.BaseStepListener - stepStarted: net.thucydides.core.steps.ExecutedStepDescription@5583098b
[Test worker] WARN net.thucydides.core.steps.BaseStepListener - stepFinished: current outcome:user registration on page utest:William abrir [william opens the Utest page, william clicks on Boton Login]
[Test worker] WARN net.thucydides.core.steps.BaseStepListener - stepFinished: current outcome:user registration on page utest:William abrir [william opens the Utest page, william clicks on Boton Login]
[Test worker] WARN net.thucydides.core.steps.BaseStepListener - stepStarted: net.thucydides.core.steps.ExecutedStepDescription@6a916402
[Test worker] WARN net.thucydides.core.steps.BaseStepListener - stepStarted: net.thucydides.core.steps.ExecutedStepDescription@9b5f3c7
[Test worker] WARN net.thucydides.core.steps.BaseStepListener - stepStarted: net.thucydides.core.steps.ExecutedStepDescription@1624775
[Test worker] WARN net.thucydides.core.steps.BaseStepListener - stepFinished: current outcome:user registration on page utest:William abrir [william opens the Utest page, william clicks on Boton Login], Given than william want register in utest [William abrir [william opens the Utest page]]
[Test worker] WARN net.thucydides.core.steps.BaseStepListener - stepStarted: net.thucydides.core.steps.ExecutedStepDescription@5820070c
[Test worker] WARN net.thucydides.core.steps.BaseStepListener - stepFinished: current outcome:user registration on page utest:William abrir [william opens the Utest page, william clicks on Boton Login], Given than william want register in utest [William abrir [william opens the Utest page, william clicks on Boton Login]]
[Test worker] WARN net.thucydides.core.steps.BaseStepListener - stepFinished: current outcome:user registration on page utest:William abrir [william opens the Utest page, william clicks on Boton Login], Given than william want register in utest [William abrir [william opens the Utest page, william clicks on Boton Login]]
[Test worker] WARN net.thucydides.core.steps.BaseStepListener - stepFinished: current outcome:user registration on page utest:William abrir [william opens the Utest page, william clicks on Boton Login], Given than william want register in utest [William abrir [william opens the Utest page, william clicks on Boton Login]]
[Test worker] WARN net.thucydides.core.steps.BaseStepListener - stepStarted: net.thucydides.core.steps.ExecutedStepDescription@5af64ce0
[Test worker] WARN net.thucydides.core.steps.BaseStepListener - stepStarted: net.thucydides.core.steps.ExecutedStepDescription@7ccfdaef
[Test worker] WARN net.thucydides.core.steps.BaseStepListener - stepStarted: net.thucydides.core.steps.ExecutedStepDescription@51efb731
[Test worker] WARN net.thucydides.core.steps.BaseStepListener - stepFinished: current outcome:user registration on page utest:William abrir [william opens the Utest page, william clicks on Boton Login], Given than william want register in utest [William abrir [william opens the Utest page, william clicks on Boton Login]], When he enters the data into the form
| strNAME | strLAST_NAME | strEMAIL | strMONTH | strDAY | strYEAR | strCITY | strZIP | str COUNTRY | strDEVICE | strMOVIL | strOS | strPASSWORD |
| william | Maldonado | prueba1@utest.com | June | 5 | 1994 | Bogota | 55555 | Colombia | Apple | iPhone 11 Pro | iOS 16.0 | Contraseñadeprueba123 | [William fill data [william enters 'william' into NAME]]
[Test worker] WARN net.thucydides.core.steps.BaseStepListener - stepStarted: net.thucydides.core.steps.ExecutedStepDescription@1980a3f
[Test worker] WARN net.thucydides.core.steps.BaseStepListener - stepFinished: current outcome:user registration on page utest:William abrir [william opens the Utest page, william clicks on Boton Login], Given than william want register in utest [William abrir [william opens the Utest page, william clicks on Boton Login]], When he enters the data into the form
| strNAME | strLAST_NAME | strEMAIL | strMONTH | strDAY | strYEAR | strCITY | strZIP | str COUNTRY | strDEVICE | strMOVIL | strOS | strPASSWORD |
| william | Maldonado | prueba1@utest.com | June | 5 | 1994 | Bogota | 55555 | Colombia | Apple | iPhone 11 Pro | iOS 16.0 | Contraseñadeprueba123 | [William fill data [william enters 'william' into NAME, william enters 'Maldonado' into lAST_NAME]]
[Test worker] WARN net.thucydides.core.steps.BaseStepListener - stepStarted: net.thucydides.core.steps.ExecutedStepDescription@5f0bab7e
[Test worker] WARN net.thucydides.core.steps.BaseStepListener - stepFinished: current outcome:user registration on page utest:William abrir [william opens the Utest page, william clicks on Boton Login], Given than william want register in utest [William abrir [william opens the Utest page, william clicks on Boton Login]], When he enters the data into the form
| strNAME | strLAST_NAME | strEMAIL | strMONTH | strDAY | strYEAR | strCITY | strZIP | str COUNTRY | strDEVICE | strMOVIL | strOS | strPASSWORD |
| william | Maldonado | prueba1@utest.com | June | 5 | 1994 | Bogota | 55555 | Colombia | Apple | iPhone 11 Pro | iOS 16.0 | Contraseñadeprueba123 | [William fill data [william enters 'william' into NAME, william enters 'Maldonado' into lAST_NAME, william enters 'prueba1@utest.com' into EMAIL]]
[Test worker] WARN net.thucydides.core.steps.BaseStepListener - stepStarted: net.thucydides.core.steps.ExecutedStepDescription@51da32e5
[Test worker] WARN net.thucydides.core.steps.BaseStepListener - stepFinished: current outcome:user registration on page utest:William abrir [william opens the Utest page, william clicks on Boton Login], Given than william want register in utest [William abrir [william opens the Utest page, william clicks on Boton Login]], When he enters the data into the form
| strNAME | strLAST_NAME | strEMAIL | strMONTH | strDAY | strYEAR | strCITY | strZIP | str COUNTRY | strDEVICE | strMOVIL | strOS | strPASSWORD |
| william | Maldonado | prueba1@utest.com | June | 5 | 1994 | Bogota | 55555 | Colombia | Apple | iPhone 11 Pro | iOS 16.0 | Contraseñadeprueba123 | [William fill data [william enters 'william' into NAME, william enters 'Maldonado' into lAST_NAME, william enters 'prueba1@utest.com' into EMAIL, william select June on MONTH]]
[Test worker] WARN net.thucydides.core.steps.BaseStepListener - stepStarted: net.thucydides.core.steps.ExecutedStepDescription@3ba1308d
[Test worker] WARN net.thucydides.core.steps.BaseStepListener - stepFinished: current outcome:user registration on page utest:William abrir [william opens the Utest page, william clicks on Boton Login], Given than william want register in utest [William abrir [william opens the Utest page, william clicks on Boton Login]], When he enters the data into the form
| strNAME | strLAST_NAME | strEMAIL | strMONTH | strDAY | strYEAR | strCITY | strZIP | str COUNTRY | strDEVICE | strMOVIL | strOS | strPASSWORD |
| william | Maldonado | prueba1@utest.com | June | 5 | 1994 | Bogota | 55555 | Colombia | Apple | iPhone 11 Pro | iOS 16.0 | Contraseñadeprueba123 | [William fill data [william enters 'william' into NAME, william enters 'Maldonado' into lAST_NAME, william enters 'prueba1@utest.com' into EMAIL, william select June on MONTH, william select 5 on DAY]]
[Test worker] WARN net.thucydides.core.steps.BaseStepListener - stepStarted: net.thucydides.core.steps.ExecutedStepDescription@40c06358
[Test worker] WARN net.thucydides.core.steps.BaseStepListener - stepFinished: current outcome:user registration on page utest:William abrir [william opens the Utest page, william clicks on Boton Login], Given than william want register in utest [William abrir [william opens the Utest page, william clicks on Boton Login]], When he enters the data into the form
| strNAME | strLAST_NAME | strEMAIL | strMONTH | strDAY | strYEAR | strCITY | strZIP | str COUNTRY | strDEVICE | strMOVIL | strOS | strPASSWORD |
| william | Maldonado | prueba1@utest.com | June | 5 | 1994 | Bogota | 55555 | Colombia | Apple | iPhone 11 Pro | iOS 16.0 | Contraseñadeprueba123 | [William fill data [william enters 'william' into NAME, william enters 'Maldonado' into lAST_NAME, william enters 'prueba1@utest.com' into EMAIL, william select June on MONTH, william select 5 on DAY, william select 1994 on YEAR]]
[Test worker] WARN net.thucydides.core.steps.BaseStepListener - stepStarted: net.thucydides.core.steps.ExecutedStepDescription@3fcbc766
[Test worker] WARN net.thucydides.core.steps.BaseStepListener - stepFinished: current outcome:user registration on page utest:William abrir [william opens the Utest page, william clicks on Boton Login], Given than william want register in utest [William abrir [william opens the Utest page, william clicks on Boton Login]], When he enters the data into the form
| strNAME | strLAST_NAME | strEMAIL | strMONTH | strDAY | strYEAR | strCITY | strZIP | str COUNTRY | strDEVICE | strMOVIL | strOS | strPASSWORD |
| william | Maldonado | prueba1@utest.com | June | 5 | 1994 | Bogota | 55555 | Colombia | Apple | iPhone 11 Pro | iOS 16.0 | Contraseñadeprueba123 | [William fill data [william enters 'william' into NAME, william enters 'Maldonado' into lAST_NAME, william enters 'prueba1@utest.com' into EMAIL, william select June on MONTH, william select 5 on DAY, william select 1994 on YEAR, william clicks on BOTON_NEXT]]
[Test worker] WARN net.thucydides.core.steps.BaseStepListener - stepFinished: current outcome:user registration on page utest:William abrir [william opens the Utest page, william clicks on Boton Login], Given than william want register in utest [William abrir [william opens the Utest page, william clicks on Boton Login]], When he enters the data into the form
| strNAME | strLAST_NAME | strEMAIL | strMONTH | strDAY | strYEAR | strCITY | strZIP | str COUNTRY | strDEVICE | strMOVIL | strOS | strPASSWORD |
| william | Maldonado | prueba1@utest.com | June | 5 | 1994 | Bogota | 55555 | Colombia | Apple | iPhone 11 Pro | iOS 16.0 | Contraseñadeprueba123 | [William fill data [william enters 'william' into NAME, william enters 'Maldonado' into lAST_NAME, william enters 'prueba1@utest.com' into EMAIL, william select June on MONTH, william select 5 on DAY, william select 1994 on YEAR, william clicks on BOTON_NEXT]]
[Test worker] WARN net.thucydides.core.steps.BaseStepListener - stepStarted: net.thucydides.core.steps.ExecutedStepDescription@21e45a6f
[Test worker] WARN net.thucydides.core.steps.BaseStepListener - stepStarted: net.thucydides.core.steps.ExecutedStepDescription@56826a75
[Test worker] WARN net.thucydides.core.steps.BaseStepListener - stepFinished: current outcome:user registration on page utest:William abrir [william opens the Utest page, william clicks on Boton Login], Given than william want register in utest [William abrir [william opens the Utest page, william clicks on Boton Login]], When he enters the data into the form
| strNAME | strLAST_NAME | strEMAIL | strMONTH | strDAY | strYEAR | strCITY | strZIP | str COUNTRY | strDEVICE | strMOVIL | strOS | strPASSWORD |
| william | Maldonado | prueba1@utest.com | June | 5 | 1994 | Bogota | 55555 | Colombia | Apple | iPhone 11 Pro | iOS 16.0 | Contraseñadeprueba123 | [William fill data [william enters 'william' into NAME, william enters 'Maldonado' into lAST_NAME, william enters 'prueba1@utest.com' into EMAIL, william select June on MONTH, william select 5 on DAY, william select 1994 on YEAR, william clicks on BOTON_NEXT], William fill address [william enters 'Bogota' into CITY]]
[Test worker] WARN net.thucydides.core.steps.BaseStepListener - stepStarted: net.thucydides.core.steps.ExecutedStepDescription@7a083b96
[Test worker] WARN net.thucydides.core.steps.BaseStepListener - stepFinished: current outcome:user registration on page utest:William abrir [william opens the Utest page, william clicks on Boton Login], Given than william want register in utest [William abrir [william opens the Utest page, william clicks on Boton Login]], When he enters the data into the form
| strNAME | strLAST_NAME | strEMAIL | strMONTH | strDAY | strYEAR | strCITY | strZIP | str COUNTRY | strDEVICE | strMOVIL | strOS | strPASSWORD |
| william | Maldonado | prueba1@utest.com | June | 5 | 1994 | Bogota | 55555 | Colombia | Apple | iPhone 11 Pro | iOS 16.0 | Contraseñadeprueba123 | [William fill data [william enters 'william' into NAME, william enters 'Maldonado' into lAST_NAME, william enters 'prueba1@utest.com' into EMAIL, william select June on MONTH, william select 5 on DAY, william select 1994 on YEAR, william clicks on BOTON_NEXT], William fill address [william enters 'Bogota' into CITY, william types 'ARROW_DOWN' in CITY]]
[Test worker] WARN net.thucydides.core.steps.BaseStepListener - stepStarted: net.thucydides.core.steps.ExecutedStepDescription@2eb60c71
[Test worker] WARN net.thucydides.core.steps.BaseStepListener - stepFinished: current outcome:user registration on page utest:William abrir [william opens the Utest page, william clicks on Boton Login], Given than william want register in utest [William abrir [william opens the Utest page, william clicks on Boton Login]], When he enters the data into the form
| strNAME | strLAST_NAME | strEMAIL | strMONTH | strDAY | strYEAR | strCITY | strZIP | str COUNTRY | strDEVICE | strMOVIL | strOS | strPASSWORD |
| william | Maldonado | prueba1@utest.com | June | 5 | 1994 | Bogota | 55555 | Colombia | Apple | iPhone 11 Pro | iOS 16.0 | Contraseñadeprueba123 | [William fill data [william enters 'william' into NAME, william enters 'Maldonado' into lAST_NAME, william enters 'prueba1@utest.com' into EMAIL, william select June on MONTH, william select 5 on DAY, william select 1994 on YEAR, william clicks on BOTON_NEXT], William fill address [william enters 'Bogota' into CITY, william types 'ARROW_DOWN' in CITY, william types 'ENTER' in CITY]]
[Test worker] WARN net.thucydides.core.steps.BaseStepListener - stepStarted: net.thucydides.core.steps.ExecutedStepDescription@3e1f1046
[Test worker] WARN net.thucydides.core.steps.BaseStepListener - stepFinished: current outcome:user registration on page utest:William abrir [william opens the Utest page, william clicks on Boton Login], Given than william want register in utest [William abrir [william opens the Utest page, william clicks on Boton Login]], When he enters the data into the form
| strNAME | strLAST_NAME | strEMAIL | strMONTH | strDAY | strYEAR | strCITY | strZIP | str COUNTRY | strDEVICE | strMOVIL | strOS | strPASSWORD |
| william | Maldonado | prueba1@utest.com | June | 5 | 1994 | Bogota | 55555 | Colombia | Apple | iPhone 11 Pro | iOS 16.0 | Contraseñadeprueba123 | [William fill data [william enters 'william' into NAME, william enters 'Maldonado' into lAST_NAME, william enters 'prueba1@utest.com' into EMAIL, william select June on MONTH, william select 5 on DAY, william select 1994 on YEAR, william clicks on BOTON_NEXT], William fill address [william enters 'Bogota' into CITY, william types 'ARROW_DOWN' in CITY, william types 'ENTER' in CITY, william enters '55555' into Postal Code]]
[Test worker] WARN net.thucydides.core.steps.BaseStepListener - stepStarted: net.thucydides.core.steps.ExecutedStepDescription@184823ed
[Test worker] WARN net.thucydides.core.steps.BaseStepListener - stepFinished: current outcome:user registration on page utest:William abrir [william opens the Utest page, william clicks on Boton Login], Given than william want register in utest [William abrir [william opens the Utest page, william clicks on Boton Login]], When he enters the data into the form
| strNAME | strLAST_NAME | strEMAIL | strMONTH | strDAY | strYEAR | strCITY | strZIP | str COUNTRY | strDEVICE | strMOVIL | strOS | strPASSWORD |
| william | Maldonado | prueba1@utest.com | June | 5 | 1994 | Bogota | 55555 | Colombia | Apple | iPhone 11 Pro | iOS 16.0 | Contraseñadeprueba123 | [William fill data [william enters 'william' into NAME, william enters 'Maldonado' into lAST_NAME, william enters 'prueba1@utest.com' into EMAIL, william select June on MONTH, william select 5 on DAY, william select 1994 on YEAR, william clicks on BOTON_NEXT], William fill address [william enters 'Bogota' into CITY, william types 'ARROW_DOWN' in CITY, william types 'ENTER' in CITY, william enters '55555' into Postal Code, william clicks on Country Container]]
[Test worker] WARN net.thucydides.core.steps.BaseStepListener - stepStarted: net.thucydides.core.steps.ExecutedStepDescription@487cd177
[Test worker] WARN net.thucydides.core.steps.BaseStepListener - stepFinished: current outcome:user registration on page utest:William abrir [william opens the Utest page, william clicks on Boton Login], Given than william want register in utest [William abrir [william opens the Utest page, william clicks on Boton Login]], When he enters the data into the form
| strNAME | strLAST_NAME | strEMAIL | strMONTH | strDAY | strYEAR | strCITY | strZIP | str COUNTRY | strDEVICE | strMOVIL | strOS | strPASSWORD |
| william | Maldonado | prueba1@utest.com | June | 5 | 1994 | Bogota | 55555 | Colombia | Apple | iPhone 11 Pro | iOS 16.0 | Contraseñadeprueba123 | [William fill data [william enters 'william' into NAME, william enters 'Maldonado' into lAST_NAME, william enters 'prueba1@utest.com' into EMAIL, william select June on MONTH, william select 5 on DAY, william select 1994 on YEAR, william clicks on BOTON_NEXT], William fill address [william enters 'Bogota' into CITY, william types 'ARROW_DOWN' in CITY, william types 'ENTER' in CITY, william enters '55555' into Postal Code, william clicks on Country Container, william enters 'Colombia' then hits ARROW_DOWN and ENTER into Country]]
[Test worker] WARN net.thucydides.core.steps.BaseStepListener - stepStarted: net.thucydides.core.steps.ExecutedStepDescription@5e1a986c
[Test worker] WARN net.thucydides.core.steps.BaseStepListener - stepFinished: current outcome:user registration on page utest:William abrir [william opens the Utest page, william clicks on Boton Login], Given than william want register in utest [William abrir [william opens the Utest page, william clicks on Boton Login]], When he enters the data into the form
| strNAME | strLAST_NAME | strEMAIL | strMONTH | strDAY | strYEAR | strCITY | strZIP | str COUNTRY | strDEVICE | strMOVIL | strOS | strPASSWORD |
| william | Maldonado | prueba1@utest.com | June | 5 | 1994 | Bogota | 55555 | Colombia | Apple | iPhone 11 Pro | iOS 16.0 | Contraseñadeprueba123 | [William fill data [william enters 'william' into NAME, william enters 'Maldonado' into lAST_NAME, william enters 'prueba1@utest.com' into EMAIL, william select June on MONTH, william select 5 on DAY, william select 1994 on YEAR, william clicks on BOTON_NEXT], William fill address [william enters 'Bogota' into CITY, william types 'ARROW_DOWN' in CITY, william types 'ENTER' in CITY, william enters '55555' into Postal Code, william clicks on Country Container, william enters 'Colombia' then hits ARROW_DOWN and ENTER into Country, william clicks on BOTON DEVICE]]
[Test worker] WARN net.thucydides.core.steps.BaseStepListener - stepFinished: current outcome:user registration on page utest:William abrir [william opens the Utest page, william clicks on Boton Login], Given than william want register in utest [William abrir [william opens the Utest page, william clicks on Boton Login]], When he enters the data into the form
| strNAME | strLAST_NAME | strEMAIL | strMONTH | strDAY | strYEAR | strCITY | strZIP | str COUNTRY | strDEVICE | strMOVIL | strOS | strPASSWORD |
| william | Maldonado | prueba1@utest.com | June | 5 | 1994 | Bogota | 55555 | Colombia | Apple | iPhone 11 Pro | iOS 16.0 | Contraseñadeprueba123 | [William fill data [william enters 'william' into NAME, william enters 'Maldonado' into lAST_NAME, william enters 'prueba1@utest.com' into EMAIL, william select June on MONTH, william select 5 on DAY, william select 1994 on YEAR, william clicks on BOTON_NEXT], William fill address [william enters 'Bogota' into CITY, william types 'ARROW_DOWN' in CITY, william types 'ENTER' in CITY, william enters '55555' into Postal Code, william clicks on Country Container, william enters 'Colombia' then hits ARROW_DOWN and ENTER into Country, william clicks on BOTON DEVICE]]
[Test worker] WARN net.thucydides.core.steps.BaseStepListener - stepStarted: net.thucydides.core.steps.ExecutedStepDescription@1d6a8386
[Test worker] WARN net.thucydides.core.steps.BaseStepListener - stepStarted: net.thucydides.core.steps.ExecutedStepDescription@3830f918
[Test worker] WARN net.thucydides.core.steps.BaseStepListener - stepFinished: current outcome:user registration on page utest:William abrir [william opens the Utest page, william clicks on Boton Login], Given than william want register in utest [William abrir [william opens the Utest page, william clicks on Boton Login]], When he enters the data into the form
| strNAME | strLAST_NAME | strEMAIL | strMONTH | strDAY | strYEAR | strCITY | strZIP | str COUNTRY | strDEVICE | strMOVIL | strOS | strPASSWORD |
| william | Maldonado | prueba1@utest.com | June | 5 | 1994 | Bogota | 55555 | Colombia | Apple | iPhone 11 Pro | iOS 16.0 | Contraseñadeprueba123 | [William fill data [william enters 'william' into NAME, william enters 'Maldonado' into lAST_NAME, william enters 'prueba1@utest.com' into EMAIL, william select June on MONTH, william select 5 on DAY, william select 1994 on YEAR, william clicks on BOTON_NEXT], William fill address [william enters 'Bogota' into CITY, william types 'ARROW_DOWN' in CITY, william types 'ENTER' in CITY, william enters '55555' into Postal Code, william clicks on Country Container, william enters 'Colombia' then hits ARROW_DOWN and ENTER into Country, william clicks on BOTON DEVICE], William filldevices [william clicks on CONTAINER_DEVICE]]
[Test worker] WARN net.thucydides.core.steps.BaseStepListener - stepStarted: net.thucydides.core.steps.ExecutedStepDescription@73893ec1
[Test worker] WARN net.thucydides.core.steps.BaseStepListener - stepFinished: current outcome:user registration on page utest:William abrir [william opens the Utest page, william clicks on Boton Login], Given than william want register in utest [William abrir [william opens the Utest page, william clicks on Boton Login]], When he enters the data into the form
| strNAME | strLAST_NAME | strEMAIL | strMONTH | strDAY | strYEAR | strCITY | strZIP | str COUNTRY | strDEVICE | strMOVIL | strOS | strPASSWORD |
| william | Maldonado | prueba1@utest.com | June | 5 | 1994 | Bogota | 55555 | Colombia | Apple | iPhone 11 Pro | iOS 16.0 | Contraseñadeprueba123 | [William fill data [william enters 'william' into NAME, william enters 'Maldonado' into lAST_NAME, william enters 'prueba1@utest.com' into EMAIL, william select June on MONTH, william select 5 on DAY, william select 1994 on YEAR, william clicks on BOTON_NEXT], William fill address [william enters 'Bogota' into CITY, william types 'ARROW_DOWN' in CITY, william types 'ENTER' in CITY, william enters '55555' into Postal Code, william clicks on Country Container, william enters 'Colombia' then hits ARROW_DOWN and ENTER into Country, william clicks on BOTON DEVICE], William filldevices [william clicks on CONTAINER_DEVICE, william enters 'Apple' then hits ARROW_DOWN and ENTER into DEVICE]]
[Test worker] WARN net.thucydides.core.steps.BaseStepListener - stepStarted: net.thucydides.core.steps.ExecutedStepDescription@1e30db85
[Test worker] WARN net.thucydides.core.steps.BaseStepListener - stepFinished: current outcome:user registration on page utest:William abrir [william opens the Utest page, william clicks on Boton Login], Given than william want register in utest [William abrir [william opens the Utest page, william clicks on Boton Login]], When he enters the data into the form
| strNAME | strLAST_NAME | strEMAIL | strMONTH | strDAY | strYEAR | strCITY | strZIP | str COUNTRY | strDEVICE | strMOVIL | strOS | strPASSWORD |
| william | Maldonado | prueba1@utest.com | June | 5 | 1994 | Bogota | 55555 | Colombia | Apple | iPhone 11 Pro | iOS 16.0 | Contraseñadeprueba123 | [William fill data [william enters 'william' into NAME, william enters 'Maldonado' into lAST_NAME, william enters 'prueba1@utest.com' into EMAIL, william select June on MONTH, william select 5 on DAY, william select 1994 on YEAR, william clicks on BOTON_NEXT], William fill address [william enters 'Bogota' into CITY, william types 'ARROW_DOWN' in CITY, william types 'ENTER' in CITY, william enters '55555' into Postal Code, william clicks on Country Container, william enters 'Colombia' then hits ARROW_DOWN and ENTER into Country, william clicks on BOTON DEVICE], William filldevices [william clicks on CONTAINER_DEVICE, william enters 'Apple' then hits ARROW_DOWN and ENTER into DEVICE, william clicks on CONTAINER MODEL]]
[Test worker] WARN net.thucydides.core.steps.BaseStepListener - stepStarted: net.thucydides.core.steps.ExecutedStepDescription@691541bc
[Test worker] WARN net.thucydides.core.steps.BaseStepListener - stepFinished: current outcome:user registration on page utest:William abrir [william opens the Utest page, william clicks on Boton Login], Given than william want register in utest [William abrir [william opens the Utest page, william clicks on Boton Login]], When he enters the data into the form
| strNAME | strLAST_NAME | strEMAIL | strMONTH | strDAY | strYEAR | strCITY | strZIP | str COUNTRY | strDEVICE | strMOVIL | strOS | strPASSWORD |
| william | Maldonado | prueba1@utest.com | June | 5 | 1994 | Bogota | 55555 | Colombia | Apple | iPhone 11 Pro | iOS 16.0 | Contraseñadeprueba123 | [William fill data [william enters 'william' into NAME, william enters 'Maldonado' into lAST_NAME, william enters 'prueba1@utest.com' into EMAIL, william select June on MONTH, william select 5 on DAY, william select 1994 on YEAR, william clicks on BOTON_NEXT], William fill address [william enters 'Bogota' into CITY, william types 'ARROW_DOWN' in CITY, william types 'ENTER' in CITY, william enters '55555' into Postal Code, william clicks on Country Container, william enters 'Colombia' then hits ARROW_DOWN and ENTER into Country, william clicks on BOTON DEVICE], William filldevices [william clicks on CONTAINER_DEVICE, william enters 'Apple' then hits ARROW_DOWN and ENTER into DEVICE, william clicks on CONTAINER MODEL, william enters 'iPhone 11 Pro' then hits ARROW_DOWN and ENTER into MOVIL]]
[Test worker] WARN net.thucydides.core.steps.BaseStepListener - stepStarted: net.thucydides.core.steps.ExecutedStepDescription@1d2fb82
[Test worker] WARN net.thucydides.core.steps.BaseStepListener - stepFinished: current outcome:user registration on page utest:William abrir [william opens the Utest page, william clicks on Boton Login], Given than william want register in utest [William abrir [william opens the Utest page, william clicks on Boton Login]], When he enters the data into the form
| strNAME | strLAST_NAME | strEMAIL | strMONTH | strDAY | strYEAR | strCITY | strZIP | str COUNTRY | strDEVICE | strMOVIL | strOS | strPASSWORD |
| william | Maldonado | prueba1@utest.com | June | 5 | 1994 | Bogota | 55555 | Colombia | Apple | iPhone 11 Pro | iOS 16.0 | Contraseñadeprueba123 | [William fill data [william enters 'william' into NAME, william enters 'Maldonado' into lAST_NAME, william enters 'prueba1@utest.com' into EMAIL, william select June on MONTH, william select 5 on DAY, william select 1994 on YEAR, william clicks on BOTON_NEXT], William fill address [william enters 'Bogota' into CITY, william types 'ARROW_DOWN' in CITY, william types 'ENTER' in CITY, william enters '55555' into Postal Code, william clicks on Country Container, william enters 'Colombia' then hits ARROW_DOWN and ENTER into Country, william clicks on BOTON DEVICE], William filldevices [william clicks on CONTAINER_DEVICE, william enters 'Apple' then hits ARROW_DOWN and ENTER into DEVICE, william clicks on CONTAINER MODEL, william enters 'iPhone 11 Pro' then hits ARROW_DOWN and ENTER into MOVIL, william clicks on CONTAINER OS]]
[Test worker] WARN net.thucydides.core.steps.BaseStepListener - stepStarted: net.thucydides.core.steps.ExecutedStepDescription@4b9dbf07
[Test worker] WARN net.thucydides.core.steps.BaseStepListener - stepFinished: current outcome:user registration on page utest:William abrir [william opens the Utest page, william clicks on Boton Login], Given than william want register in utest [William abrir [william opens the Utest page, william clicks on Boton Login]], When he enters the data into the form
| strNAME | strLAST_NAME | strEMAIL | strMONTH | strDAY | strYEAR | strCITY | strZIP | str COUNTRY | strDEVICE | strMOVIL | strOS | strPASSWORD |
| william | Maldonado | prueba1@utest.com | June | 5 | 1994 | Bogota | 55555 | Colombia | Apple | iPhone 11 Pro | iOS 16.0 | Contraseñadeprueba123 | [William fill data [william enters 'william' into NAME, william enters 'Maldonado' into lAST_NAME, william enters 'prueba1@utest.com' into EMAIL, william select June on MONTH, william select 5 on DAY, william select 1994 on YEAR, william clicks on BOTON_NEXT], William fill address [william enters 'Bogota' into CITY, william types 'ARROW_DOWN' in CITY, william types 'ENTER' in CITY, william enters '55555' into Postal Code, william clicks on Country Container, william enters 'Colombia' then hits ARROW_DOWN and ENTER into Country, william clicks on BOTON DEVICE], William filldevices [william clicks on CONTAINER_DEVICE, william enters 'Apple' then hits ARROW_DOWN and ENTER into DEVICE, william clicks on CONTAINER MODEL, william enters 'iPhone 11 Pro' then hits ARROW_DOWN and ENTER into MOVIL, william clicks on CONTAINER OS, william enters 'iOS 16.0' then hits ARROW_DOWN and ENTER into OS]]
[Test worker] WARN net.thucydides.core.steps.BaseStepListener - stepStarted: net.thucydides.core.steps.ExecutedStepDescription@7e49ded
[Test worker] WARN net.thucydides.core.steps.BaseStepListener - stepFinished: current outcome:user registration on page utest:William abrir [william opens the Utest page, william clicks on Boton Login], Given than william want register in utest [William abrir [william opens the Utest page, william clicks on Boton Login]], When he enters the data into the form
| strNAME | strLAST_NAME | strEMAIL | strMONTH | strDAY | strYEAR | strCITY | strZIP | str COUNTRY | strDEVICE | strMOVIL | strOS | strPASSWORD |
| william | Maldonado | prueba1@utest.com | June | 5 | 1994 | Bogota | 55555 | Colombia | Apple | iPhone 11 Pro | iOS 16.0 | Contraseñadeprueba123 | [William fill data [william enters 'william' into NAME, william enters 'Maldonado' into lAST_NAME, william enters 'prueba1@utest.com' into EMAIL, william select June on MONTH, william select 5 on DAY, william select 1994 on YEAR, william clicks on BOTON_NEXT], William fill address [william enters 'Bogota' into CITY, william types 'ARROW_DOWN' in CITY, william types 'ENTER' in CITY, william enters '55555' into Postal Code, william clicks on Country Container, william enters 'Colombia' then hits ARROW_DOWN and ENTER into Country, william clicks on BOTON DEVICE], William filldevices [william clicks on CONTAINER_DEVICE, william enters 'Apple' then hits ARROW_DOWN and ENTER into DEVICE, william clicks on CONTAINER MODEL, william enters 'iPhone 11 Pro' then hits ARROW_DOWN and ENTER into MOVIL, william clicks on CONTAINER OS, william enters 'iOS 16.0' then hits ARROW_DOWN and ENTER into OS, william clicks on BOTON FINAL]]
[Test worker] WARN net.thucydides.core.steps.BaseStepListener - stepFinished: current outcome:user registration on page utest:William abrir [william opens the Utest page, william clicks on Boton Login], Given than william want register in utest [William abrir [william opens the Utest page, william clicks on Boton Login]], When he enters the data into the form
| strNAME | strLAST_NAME | strEMAIL | strMONTH | strDAY | strYEAR | strCITY | strZIP | str COUNTRY | strDEVICE | strMOVIL | strOS | strPASSWORD |
| william | Maldonado | prueba1@utest.com | June | 5 | 1994 | Bogota | 55555 | Colombia | Apple | iPhone 11 Pro | iOS 16.0 | Contraseñadeprueba123 | [William fill data [william enters 'william' into NAME, william enters 'Maldonado' into lAST_NAME, william enters 'prueba1@utest.com' into EMAIL, william select June on MONTH, william select 5 on DAY, william select 1994 on YEAR, william clicks on BOTON_NEXT], William fill address [william enters 'Bogota' into CITY, william types 'ARROW_DOWN' in CITY, william types 'ENTER' in CITY, william enters '55555' into Postal Code, william clicks on Country Container, william enters 'Colombia' then hits ARROW_DOWN and ENTER into Country, william clicks on BOTON DEVICE], William filldevices [william clicks on CONTAINER_DEVICE, william enters 'Apple' then hits ARROW_DOWN and ENTER into DEVICE, william clicks on CONTAINER MODEL, william enters 'iPhone 11 Pro' then hits ARROW_DOWN and ENTER into MOVIL, william clicks on CONTAINER OS, william enters 'iOS 16.0' then hits ARROW_DOWN and ENTER into OS, william clicks on BOTON FINAL]]
[Test worker] WARN net.thucydides.core.steps.BaseStepListener - stepStarted: net.thucydides.core.steps.ExecutedStepDescription@38732364
[Test worker] WARN net.thucydides.core.steps.BaseStepListener - stepStarted: net.thucydides.core.steps.ExecutedStepDescription@de77146
[Test worker] WARN net.thucydides.core.steps.BaseStepListener - stepFinished: current outcome:user registration on page utest:William abrir [william opens the Utest page, william clicks on Boton Login], Given than william want register in utest [William abrir [william opens the Utest page, william clicks on Boton Login]], When he enters the data into the form
| strNAME | strLAST_NAME | strEMAIL | strMONTH | strDAY | strYEAR | strCITY | strZIP | str COUNTRY | strDEVICE | strMOVIL | strOS | strPASSWORD |
| william | Maldonado | prueba1@utest.com | June | 5 | 1994 | Bogota | 55555 | Colombia | Apple | iPhone 11 Pro | iOS 16.0 | Contraseñadeprueba123 | [William fill data [william enters 'william' into NAME, william enters 'Maldonado' into lAST_NAME, william enters 'prueba1@utest.com' into EMAIL, william select June on MONTH, william select 5 on DAY, william select 1994 on YEAR, william clicks on BOTON_NEXT], William fill address [william enters 'Bogota' into CITY, william types 'ARROW_DOWN' in CITY, william types 'ENTER' in CITY, william enters '55555' into Postal Code, william clicks on Country Container, william enters 'Colombia' then hits ARROW_DOWN and ENTER into Country, william clicks on BOTON DEVICE], William filldevices [william clicks on CONTAINER_DEVICE, william enters 'Apple' then hits ARROW_DOWN and ENTER into DEVICE, william clicks on CONTAINER MODEL, william enters 'iPhone 11 Pro' then hits ARROW_DOWN and ENTER into MOVIL, william clicks on CONTAINER OS, william enters 'iOS 16.0' then hits ARROW_DOWN and ENTER into OS, william clicks on BOTON FINAL], William fillfinal [william enters 'Contraseñadeprueba123' into Password user]]
[Test worker] WARN net.thucydides.core.steps.BaseStepListener - stepStarted: net.thucydides.core.steps.ExecutedStepDescription@3caee3a8
[Test worker] WARN net.thucydides.core.steps.BaseStepListener - stepFinished: current outcome:user registration on page utest:William abrir [william opens the Utest page, william clicks on Boton Login], Given than william want register in utest [William abrir [william opens the Utest page, william clicks on Boton Login]], When he enters the data into the form
| strNAME | strLAST_NAME | strEMAIL | strMONTH | strDAY | strYEAR | strCITY | strZIP | str COUNTRY | strDEVICE | strMOVIL | strOS | strPASSWORD |
| william | Maldonado | prueba1@utest.com | June | 5 | 1994 | Bogota | 55555 | Colombia | Apple | iPhone 11 Pro | iOS 16.0 | Contraseñadeprueba123 | [William fill data [william enters 'william' into NAME, william enters 'Maldonado' into lAST_NAME, william enters 'prueba1@utest.com' into EMAIL, william select June on MONTH, william select 5 on DAY, william select 1994 on YEAR, william clicks on BOTON_NEXT], William fill address [william enters 'Bogota' into CITY, william types 'ARROW_DOWN' in CITY, william types 'ENTER' in CITY, william enters '55555' into Postal Code, william clicks on Country Container, william enters 'Colombia' then hits ARROW_DOWN and ENTER into Country, william clicks on BOTON DEVICE], William filldevices [william clicks on CONTAINER_DEVICE, william enters 'Apple' then hits ARROW_DOWN and ENTER into DEVICE, william clicks on CONTAINER MODEL, william enters 'iPhone 11 Pro' then hits ARROW_DOWN and ENTER into MOVIL, william clicks on CONTAINER OS, william enters 'iOS 16.0' then hits ARROW_DOWN and ENTER into OS, william clicks on BOTON FINAL], William fillfinal [william enters 'Contraseñadeprueba123' into Password user, william enters 'Contraseñadeprueba123' into Confirm Password]]
[Test worker] WARN net.thucydides.core.steps.BaseStepListener - stepStarted: net.thucydides.core.steps.ExecutedStepDescription@4f3356c0
[Test worker] WARN net.thucydides.core.steps.BaseStepListener - stepFinished: current outcome:user registration on page utest:William abrir [william opens the Utest page, william clicks on Boton Login], Given than william want register in utest [William abrir [william opens the Utest page, william clicks on Boton Login]], When he enters the data into the form
| strNAME | strLAST_NAME | strEMAIL | strMONTH | strDAY | strYEAR | strCITY | strZIP | str COUNTRY | strDEVICE | strMOVIL | strOS | strPASSWORD |
| william | Maldonado | prueba1@utest.com | June | 5 | 1994 | Bogota | 55555 | Colombia | Apple | iPhone 11 Pro | iOS 16.0 | Contraseñadeprueba123 | [William fill data [william enters 'william' into NAME, william enters 'Maldonado' into lAST_NAME, william enters 'prueba1@utest.com' into EMAIL, william select June on MONTH, william select 5 on DAY, william select 1994 on YEAR, william clicks on BOTON_NEXT], William fill address [william enters 'Bogota' into CITY, william types 'ARROW_DOWN' in CITY, william types 'ENTER' in CITY, william enters '55555' into Postal Code, william clicks on Country Container, william enters 'Colombia' then hits ARROW_DOWN and ENTER into Country, william clicks on BOTON DEVICE], William filldevices [william clicks on CONTAINER_DEVICE, william enters 'Apple' then hits ARROW_DOWN and ENTER into DEVICE, william clicks on CONTAINER MODEL, william enters 'iPhone 11 Pro' then hits ARROW_DOWN and ENTER into MOVIL, william clicks on CONTAINER OS, william enters 'iOS 16.0' then hits ARROW_DOWN and ENTER into OS, william clicks on BOTON FINAL], William fillfinal [william enters 'Contraseñadeprueba123' into Password user, william enters 'Contraseñadeprueba123' into Confirm Password, william clicks on Chek1]]
[Test worker] WARN net.thucydides.core.steps.BaseStepListener - stepStarted: net.thucydides.core.steps.ExecutedStepDescription@4fd74223
[Test worker] WARN net.thucydides.core.steps.BaseStepListener - stepFinished: current outcome:user registration on page utest:William abrir [william opens the Utest page, william clicks on Boton Login], Given than william want register in utest [William abrir [william opens the Utest page, william clicks on Boton Login]], When he enters the data into the form
| strNAME | strLAST_NAME | strEMAIL | strMONTH | strDAY | strYEAR | strCITY | strZIP | str COUNTRY | strDEVICE | strMOVIL | strOS | strPASSWORD |
| william | Maldonado | prueba1@utest.com | June | 5 | 1994 | Bogota | 55555 | Colombia | Apple | iPhone 11 Pro | iOS 16.0 | Contraseñadeprueba123 | [William fill data [william enters 'william' into NAME, william enters 'Maldonado' into lAST_NAME, william enters 'prueba1@utest.com' into EMAIL, william select June on MONTH, william select 5 on DAY, william select 1994 on YEAR, william clicks on BOTON_NEXT], William fill address [william enters 'Bogota' into CITY, william types 'ARROW_DOWN' in CITY, william types 'ENTER' in CITY, william enters '55555' into Postal Code, william clicks on Country Container, william enters 'Colombia' then hits ARROW_DOWN and ENTER into Country, william clicks on BOTON DEVICE], William filldevices [william clicks on CONTAINER_DEVICE, william enters 'Apple' then hits ARROW_DOWN and ENTER into DEVICE, william clicks on CONTAINER MODEL, william enters 'iPhone 11 Pro' then hits ARROW_DOWN and ENTER into MOVIL, william clicks on CONTAINER OS, william enters 'iOS 16.0' then hits ARROW_DOWN and ENTER into OS, william clicks on BOTON FINAL], William fillfinal [william enters 'Contraseñadeprueba123' into Password user, william enters 'Contraseñadeprueba123' into Confirm Password, william clicks on Chek1, william clicks on Chek2]]
[Test worker] WARN net.thucydides.core.steps.BaseStepListener - stepStarted: net.thucydides.core.steps.ExecutedStepDescription@5012c571
[Test worker] WARN net.thucydides.core.steps.BaseStepListener - stepFinished: current outcome:user registration on page utest:William abrir [william opens the Utest page, william clicks on Boton Login], Given than william want register in utest [William abrir [william opens the Utest page, william clicks on Boton Login]], When he enters the data into the form
| strNAME | strLAST_NAME | strEMAIL | strMONTH | strDAY | strYEAR | strCITY | strZIP | str COUNTRY | strDEVICE | strMOVIL | strOS | strPASSWORD |
| william | Maldonado | prueba1@utest.com | June | 5 | 1994 | Bogota | 55555 | Colombia | Apple | iPhone 11 Pro | iOS 16.0 | Contraseñadeprueba123 | [William fill data [william enters 'william' into NAME, william enters 'Maldonado' into lAST_NAME, william enters 'prueba1@utest.com' into EMAIL, william select June on MONTH, william select 5 on DAY, william select 1994 on YEAR, william clicks on BOTON_NEXT], William fill address [william enters 'Bogota' into CITY, william types 'ARROW_DOWN' in CITY, william types 'ENTER' in CITY, william enters '55555' into Postal Code, william clicks on Country Container, william enters 'Colombia' then hits ARROW_DOWN and ENTER into Country, william clicks on BOTON DEVICE], William filldevices [william clicks on CONTAINER_DEVICE, william enters 'Apple' then hits ARROW_DOWN and ENTER into DEVICE, william clicks on CONTAINER MODEL, william enters 'iPhone 11 Pro' then hits ARROW_DOWN and ENTER into MOVIL, william clicks on CONTAINER OS, william enters 'iOS 16.0' then hits ARROW_DOWN and ENTER into OS, william clicks on BOTON FINAL], William fillfinal [william enters 'Contraseñadeprueba123' into Password user, william enters 'Contraseñadeprueba123' into Confirm Password, william clicks on Chek1, william clicks on Chek2, william clicks on Chek3]]
[Test worker] WARN net.thucydides.core.steps.BaseStepListener - stepStarted: net.thucydides.core.steps.ExecutedStepDescription@3f5dfe69
[Test worker] WARN net.thucydides.core.steps.BaseStepListener - stepFinished: current outcome:user registration on page utest:William abrir [william opens the Utest page, william clicks on Boton Login], Given than william want register in utest [William abrir [william opens the Utest page, william clicks on Boton Login]], When he enters the data into the form
| strNAME | strLAST_NAME | strEMAIL | strMONTH | strDAY | strYEAR | strCITY | strZIP | str COUNTRY | strDEVICE | strMOVIL | strOS | strPASSWORD |
| william | Maldonado | prueba1@utest.com | June | 5 | 1994 | Bogota | 55555 | Colombia | Apple | iPhone 11 Pro | iOS 16.0 | Contraseñadeprueba123 | [William fill data [william enters 'william' into NAME, william enters 'Maldonado' into lAST_NAME, william enters 'prueba1@utest.com' into EMAIL, william select June on MONTH, william select 5 on DAY, william select 1994 on YEAR, william clicks on BOTON_NEXT], William fill address [william enters 'Bogota' into CITY, william types 'ARROW_DOWN' in CITY, william types 'ENTER' in CITY, william enters '55555' into Postal Code, william clicks on Country Container, william enters 'Colombia' then hits ARROW_DOWN and ENTER into Country, william clicks on BOTON DEVICE], William filldevices [william clicks on CONTAINER_DEVICE, william enters 'Apple' then hits ARROW_DOWN and ENTER into DEVICE, william clicks on CONTAINER MODEL, william enters 'iPhone 11 Pro' then hits ARROW_DOWN and ENTER into MOVIL, william clicks on CONTAINER OS, william enters 'iOS 16.0' then hits ARROW_DOWN and ENTER into OS, william clicks on BOTON FINAL], William fillfinal [william enters 'Contraseñadeprueba123' into Password user, william enters 'Contraseñadeprueba123' into Confirm Password, william clicks on Chek1, william clicks on Chek2, william clicks on Chek3, william clicks on BOTON COMNFIRM]]
[Test worker] WARN net.thucydides.core.steps.BaseStepListener - stepFinished: current outcome:user registration on page utest:William abrir [william opens the Utest page, william clicks on Boton Login], Given than william want register in utest [William abrir [william opens the Utest page, william clicks on Boton Login]], When he enters the data into the form
| strNAME | strLAST_NAME | strEMAIL | strMONTH | strDAY | strYEAR | strCITY | strZIP | str COUNTRY | strDEVICE | strMOVIL | strOS | strPASSWORD |
| william | Maldonado | prueba1@utest.com | June | 5 | 1994 | Bogota | 55555 | Colombia | Apple | iPhone 11 Pro | iOS 16.0 | Contraseñadeprueba123 | [William fill data [william enters 'william' into NAME, william enters 'Maldonado' into lAST_NAME, william enters 'prueba1@utest.com' into EMAIL, william select June on MONTH, william select 5 on DAY, william select 1994 on YEAR, william clicks on BOTON_NEXT], William fill address [william enters 'Bogota' into CITY, william types 'ARROW_DOWN' in CITY, william types 'ENTER' in CITY, william enters '55555' into Postal Code, william clicks on Country Container, william enters 'Colombia' then hits ARROW_DOWN and ENTER into Country, william clicks on BOTON DEVICE], William filldevices [william clicks on CONTAINER_DEVICE, william enters 'Apple' then hits ARROW_DOWN and ENTER into DEVICE, william clicks on CONTAINER MODEL, william enters 'iPhone 11 Pro' then hits ARROW_DOWN and ENTER into MOVIL, william clicks on CONTAINER OS, william enters 'iOS 16.0' then hits ARROW_DOWN and ENTER into OS, william clicks on BOTON FINAL], William fillfinal [william enters 'Contraseñadeprueba123' into Password user, william enters 'Contraseñadeprueba123' into Confirm Password, william clicks on Chek1, william clicks on Chek2, william clicks on Chek3, william clicks on BOTON COMNFIRM]]
[Test worker] WARN net.thucydides.core.steps.BaseStepListener - stepFinished: current outcome:user registration on page utest:William abrir [william opens the Utest page, william clicks on Boton Login], Given than william want register in utest [William abrir [william opens the Utest page, william clicks on Boton Login]], When he enters the data into the form
| strNAME | strLAST_NAME | strEMAIL | strMONTH | strDAY | strYEAR | strCITY | strZIP | str COUNTRY | strDEVICE | strMOVIL | strOS | strPASSWORD |
| william | Maldonado | prueba1@utest.com | June | 5 | 1994 | Bogota | 55555 | Colombia | Apple | iPhone 11 Pro | iOS 16.0 | Contraseñadeprueba123 | [William fill data [william enters 'william' into NAME, william enters 'Maldonado' into lAST_NAME, william enters 'prueba1@utest.com' into EMAIL, william select June on MONTH, william select 5 on DAY, william select 1994 on YEAR, william clicks on BOTON_NEXT], William fill address [william enters 'Bogota' into CITY, william types 'ARROW_DOWN' in CITY, william types 'ENTER' in CITY, william enters '55555' into Postal Code, william clicks on Country Container, william enters 'Colombia' then hits ARROW_DOWN and ENTER into Country, william clicks on BOTON DEVICE], William filldevices [william clicks on CONTAINER_DEVICE, william enters 'Apple' then hits ARROW_DOWN and ENTER into DEVICE, william clicks on CONTAINER MODEL, william enters 'iPhone 11 Pro' then hits ARROW_DOWN and ENTER into MOVIL, william clicks on CONTAINER OS, william enters 'iOS 16.0' then hits ARROW_DOWN and ENTER into OS, william clicks on BOTON FINAL], William fillfinal [william enters 'Contraseñadeprueba123' into Password user, william enters 'Contraseñadeprueba123' into Confirm Password, william clicks on Chek1, william clicks on Chek2, william clicks on Chek3, william clicks on BOTON COMNFIRM]]
[Test worker] WARN net.thucydides.core.steps.BaseStepListener - stepStarted: net.thucydides.core.steps.ExecutedStepDescription@cbf1997
[Test worker] WARN net.thucydides.core.steps.BaseStepListener - stepStarted: net.thucydides.core.steps.ExecutedStepDescription@79ab97fd
[Test worker] WARN net.thucydides.core.steps.BaseStepListener - stepFinished: current outcome:user registration on page utest:William abrir [william opens the Utest page, william clicks on Boton Login], Given than william want register in utest [William abrir [william opens the Utest page, william clicks on Boton Login]], When he enters the data into the form
| strNAME | strLAST_NAME | strEMAIL | strMONTH | strDAY | strYEAR | strCITY | strZIP | str COUNTRY | strDEVICE | strMOVIL | strOS | strPASSWORD |
| william | Maldonado | prueba1@utest.com | June | 5 | 1994 | Bogota | 55555 | Colombia | Apple | iPhone 11 Pro | iOS 16.0 | Contraseñadeprueba123 | [William fill data [william enters 'william' into NAME, william enters 'Maldonado' into lAST_NAME, william enters 'prueba1@utest.com' into EMAIL, william select June on MONTH, william select 5 on DAY, william select 1994 on YEAR, william clicks on BOTON_NEXT], William fill address [william enters 'Bogota' into CITY, william types 'ARROW_DOWN' in CITY, william types 'ENTER' in CITY, william enters '55555' into Postal Code, william clicks on Country Container, william enters 'Colombia' then hits ARROW_DOWN and ENTER into Country, william clicks on BOTON DEVICE], William filldevices [william clicks on CONTAINER_DEVICE, william enters 'Apple' then hits ARROW_DOWN and ENTER into DEVICE, william clicks on CONTAINER MODEL, william enters 'iPhone 11 Pro' then hits ARROW_DOWN and ENTER into MOVIL, william clicks on CONTAINER OS, william enters 'iOS 16.0' then hits ARROW_DOWN and ENTER into OS, william clicks on BOTON FINAL], William fillfinal [william enters 'Contraseñadeprueba123' into Password user, william enters 'Contraseñadeprueba123' into Confirm Password, william clicks on Chek1, william clicks on Chek2, william clicks on Chek3, william clicks on BOTON COMNFIRM]], Then registration is complete when we see the complete setup button
| strFinalText |
| Complete Setup | [Then responder]
[Test worker] WARN net.thucydides.core.steps.BaseStepListener - stepFinished: current outcome:user registration on page utest:William abrir [william opens the Utest page, william clicks on Boton Login], Given than william want register in utest [William abrir [william opens the Utest page, william clicks on Boton Login]], When he enters the data into the form
| strNAME | strLAST_NAME | strEMAIL | strMONTH | strDAY | strYEAR | strCITY | strZIP | str COUNTRY | strDEVICE | strMOVIL | strOS | strPASSWORD |
| william | Maldonado | prueba1@utest.com | June | 5 | 1994 | Bogota | 55555 | Colombia | Apple | iPhone 11 Pro | iOS 16.0 | Contraseñadeprueba123 | [William fill data [william enters 'william' into NAME, william enters 'Maldonado' into lAST_NAME, william enters 'prueba1@utest.com' into EMAIL, william select June on MONTH, william select 5 on DAY, william select 1994 on YEAR, william clicks on BOTON_NEXT], William fill address [william enters 'Bogota' into CITY, william types 'ARROW_DOWN' in CITY, william types 'ENTER' in CITY, william enters '55555' into Postal Code, william clicks on Country Container, william enters 'Colombia' then hits ARROW_DOWN and ENTER into Country, william clicks on BOTON DEVICE], William filldevices [william clicks on CONTAINER_DEVICE, william enters 'Apple' then hits ARROW_DOWN and ENTER into DEVICE, william clicks on CONTAINER MODEL, william enters 'iPhone 11 Pro' then hits ARROW_DOWN and ENTER into MOVIL, william clicks on CONTAINER OS, william enters 'iOS 16.0' then hits ARROW_DOWN and ENTER into OS, william clicks on BOTON FINAL], William fillfinal [william enters 'Contraseñadeprueba123' into Password user, william enters 'Contraseñadeprueba123' into Confirm Password, william clicks on Chek1, william clicks on Chek2, william clicks on Chek3, william clicks on BOTON COMNFIRM]], Then registration is complete when we see the complete setup button
| strFinalText |
| Complete Setup | [Then responder]
[Test worker] WARN net.thucydides.core.steps.BaseStepListener - testFinished: user registration on page utest:William abrir [william opens the Utest page, william clicks on Boton Login], Given than william want register in utest [William abrir [william opens the Utest page, william clicks on Boton Login]], When he enters the data into the form
| strNAME | strLAST_NAME | strEMAIL | strMONTH | strDAY | strYEAR | strCITY | strZIP | str COUNTRY | strDEVICE | strMOVIL | strOS | strPASSWORD |
| william | Maldonado | prueba1@utest.com | June | 5 | 1994 | Bogota | 55555 | Colombia | Apple | iPhone 11 Pro | iOS 16.0 | Contraseñadeprueba123 | [William fill data [william enters 'william' into NAME, william enters 'Maldonado' into lAST_NAME, william enters 'prueba1@utest.com' into EMAIL, william select June on MONTH, william select 5 on DAY, william select 1994 on YEAR, william clicks on BOTON_NEXT], William fill address [william enters 'Bogota' into CITY, william types 'ARROW_DOWN' in CITY, william types 'ENTER' in CITY, william enters '55555' into Postal Code, william clicks on Country Container, william enters 'Colombia' then hits ARROW_DOWN and ENTER into Country, william clicks on BOTON DEVICE], William filldevices [william clicks on CONTAINER_DEVICE, william enters 'Apple' then hits ARROW_DOWN and ENTER into DEVICE, william clicks on CONTAINER MODEL, william enters 'iPhone 11 Pro' then hits ARROW_DOWN and ENTER into MOVIL, william clicks on CONTAINER OS, william enters 'iOS 16.0' then hits ARROW_DOWN and ENTER into OS, william clicks on BOTON FINAL], William fillfinal [william enters 'Contraseñadeprueba123' into Password user, william enters 'Contraseñadeprueba123' into Confirm Password, william clicks on Chek1, william clicks on Chek2, william clicks on Chek3, william clicks on BOTON COMNFIRM]], Then registration is complete when we see the complete setup button
| strFinalText |
| Complete Setup | [Then responder]
[Test worker] WARN net.thucydides.core.steps.BaseStepListener - TestOutcomes: [user registration on page utest:William abrir [william opens the Utest page, william clicks on Boton Login], Given than william want register in utest [William abrir [william opens the Utest page, william clicks on Boton Login]], When he enters the data into the form
| strNAME | strLAST_NAME | strEMAIL | strMONTH | strDAY | strYEAR | strCITY | strZIP | str COUNTRY | strDEVICE | strMOVIL | strOS | strPASSWORD |
| william | Maldonado | prueba1@utest.com | June | 5 | 1994 | Bogota | 55555 | Colombia | Apple | iPhone 11 Pro | iOS 16.0 | Contraseñadeprueba123 | [William fill data [william enters 'william' into NAME, william enters 'Maldonado' into lAST_NAME, william enters 'prueba1@utest.com' into EMAIL, william select June on MONTH, william select 5 on DAY, william select 1994 on YEAR, william clicks on BOTON_NEXT], William fill address [william enters 'Bogota' into CITY, william types 'ARROW_DOWN' in CITY, william types 'ENTER' in CITY, william enters '55555' into Postal Code, william clicks on Country Container, william enters 'Colombia' then hits ARROW_DOWN and ENTER into Country, william clicks on BOTON DEVICE], William filldevices [william clicks on CONTAINER_DEVICE, william enters 'Apple' then hits ARROW_DOWN and ENTER into DEVICE, william clicks on CONTAINER MODEL, william enters 'iPhone 11 Pro' then hits ARROW_DOWN and ENTER into MOVIL, william clicks on CONTAINER OS, william enters 'iOS 16.0' then hits ARROW_DOWN and ENTER into OS, william clicks on BOTON FINAL], William fillfinal [william enters 'Contraseñadeprueba123' into Password user, william enters 'Contraseñadeprueba123' into Confirm Password, william clicks on Chek1, william clicks on Chek2, william clicks on Chek3, william clicks on BOTON COMNFIRM]], Then registration is complete when we see the complete setup button
| strFinalText |
| Complete Setup | [Then responder]]
[Test worker] WARN net.thucydides.core.steps.BaseStepListener - Final testOutcomes: [user registration on page utest:William abrir [william opens the Utest page, william clicks on Boton Login], Given than william want register in utest [William abrir [william opens the Utest page, william clicks on Boton Login]], When he enters the data into the form
| strNAME | strLAST_NAME | strEMAIL | strMONTH | strDAY | strYEAR | strCITY | strZIP | str COUNTRY | strDEVICE | strMOVIL | strOS | strPASSWORD |
| william | Maldonado | prueba1@utest.com | June | 5 | 1994 | Bogota | 55555 | Colombia | Apple | iPhone 11 Pro | iOS 16.0 | Contraseñadeprueba123 | [William fill data [william enters 'william' into NAME, william enters 'Maldonado' into lAST_NAME, william enters 'prueba1@utest.com' into EMAIL, william select June on MONTH, william select 5 on DAY, william select 1994 on YEAR, william clicks on BOTON_NEXT], William fill address [william enters 'Bogota' into CITY, william types 'ARROW_DOWN' in CITY, william types 'ENTER' in CITY, william enters '55555' into Postal Code, william clicks on Country Container, william enters 'Colombia' then hits ARROW_DOWN and ENTER into Country, william clicks on BOTON DEVICE], William filldevices [william clicks on CONTAINER_DEVICE, william enters 'Apple' then hits ARROW_DOWN and ENTER into DEVICE, william clicks on CONTAINER MODEL, william enters 'iPhone 11 Pro' then hits ARROW_DOWN and ENTER into MOVIL, william clicks on CONTAINER OS, william enters 'iOS 16.0' then hits ARROW_DOWN and ENTER into OS, william clicks on BOTON FINAL], William fillfinal [william enters 'Contraseñadeprueba123' into Password user, william enters 'Contraseñadeprueba123' into Confirm Password, william clicks on Chek1, william clicks on Chek2, william clicks on Chek3, william clicks on BOTON COMNFIRM]], Then registration is complete when we see the complete setup button
| strFinalText |
| Complete Setup | [Then responder]]
[Test worker] INFO net.thucydides.core.steps.ConsoleLoggingListener - 
        __    _____ _____ ____ _____   ____   _    ____  ____  _____ ____  
  _     \ \  |_   _| ____/ ___|_   _| |  _ \ / \  / ___|/ ___|| ____|  _ \ 
 (_)_____| |   | | |  _| \___ \ | |   | |_) / _ \ \___ \\___ \|  _| | | | |
  _|_____| |   | | | |___ ___) || |   |  __/ ___ \ ___) |___) | |___| |_| |
 (_)     | |   |_| |_____|____/ |_|   |_| /_/   \_\____/|____/|_____|____/ 
        /_/                                                                

TEST PASSED: user registration on page utest
----------------------------------------------------------------------------
]]></system-err>
</testsuite>
