<?xml version="1.0" encoding="UTF-8"?>
<testsuite name="user registration on page utest" tests="1" skipped="0" failures="0" errors="0" timestamp="2022-10-18T23:11:07" hostname="DESKTOP-NJM0P2F" time="21.484">
  <properties/>
  <testcase name="user registration on page utest" classname="user registration on page utest" time="21.484"/>
  <system-out><![CDATA[]]></system-out>
  <system-err><![CDATA[[Test worker] WARN net.thucydides.core.steps.BaseStepListener - stepStarted: net.thucydides.core.steps.ExecutedStepDescription@11653e3b
[Test worker] WARN net.thucydides.core.steps.BaseStepListener - stepStarted: net.thucydides.core.steps.ExecutedStepDescription@56ccd751
oct 18, 2022 6:11:08 PM org.openqa.selenium.remote.DesiredCapabilities chrome
INFORMACIÓN: Using `new ChromeOptions()` is preferred to `DesiredCapabilities.chrome()`
[Test worker] INFO net.serenitybdd.core.webdriver.driverproviders.ProvideNewDriver - Instantiating driver
[Test worker] INFO net.serenitybdd.core.webdriver.driverproviders.ProvideNewDriver - Driver capabilities: Capabilities {acceptInsecureCerts: false, browserName: chrome, chrome.switches: --start-maximized, goog:chromeOptions: {args: [--start-maximized], extensions: []}, loggingPrefs: org.openqa.selenium.logging..., platform: ANY, version: }
Starting ChromeDriver 106.0.5249.61 (511755355844955cd3e264779baf0dd38212a4d0-refs/branch-heads/5249@{#569}) on port 20449
Only local connections are allowed.
Please see https://chromedriver.chromium.org/security-considerations for suggestions on keeping ChromeDriver safe.
ChromeDriver was started successfully.
oct 18, 2022 6:11:10 PM org.openqa.selenium.remote.ProtocolHandshake createSession
INFORMACIÓN: Detected dialect: W3C
[Test worker] WARN net.thucydides.core.steps.BaseStepListener - stepFinished: current outcome:user registration on page utest:William abrir [william opens the Utest page]
[Test worker] WARN net.thucydides.core.steps.BaseStepListener - stepStarted: net.thucydides.core.steps.ExecutedStepDescription@717d7587
[Test worker] WARN net.thucydides.core.steps.BaseStepListener - stepFinished: current outcome:user registration on page utest:William abrir [william opens the Utest page, william clicks on Boton Login]
[Test worker] WARN net.thucydides.core.steps.BaseStepListener - stepFinished: current outcome:user registration on page utest:William abrir [william opens the Utest page, william clicks on Boton Login]
[Test worker] WARN net.thucydides.core.steps.BaseStepListener - stepStarted: net.thucydides.core.steps.ExecutedStepDescription@2e7157c7
[Test worker] WARN net.thucydides.core.steps.BaseStepListener - stepStarted: net.thucydides.core.steps.ExecutedStepDescription@1526f71
[Test worker] WARN net.thucydides.core.steps.BaseStepListener - stepStarted: net.thucydides.core.steps.ExecutedStepDescription@6963b88c
[Test worker] WARN net.thucydides.core.steps.BaseStepListener - stepFinished: current outcome:user registration on page utest:William abrir [william opens the Utest page, william clicks on Boton Login], Given than william want register in utest [William abrir [william opens the Utest page]]
[Test worker] WARN net.thucydides.core.steps.BaseStepListener - stepStarted: net.thucydides.core.steps.ExecutedStepDescription@2753316c
[Test worker] WARN net.thucydides.core.steps.BaseStepListener - stepFinished: current outcome:user registration on page utest:William abrir [william opens the Utest page, william clicks on Boton Login], Given than william want register in utest [William abrir [william opens the Utest page, william clicks on Boton Login]]
[Test worker] WARN net.thucydides.core.steps.BaseStepListener - stepFinished: current outcome:user registration on page utest:William abrir [william opens the Utest page, william clicks on Boton Login], Given than william want register in utest [William abrir [william opens the Utest page, william clicks on Boton Login]]
[Test worker] WARN net.thucydides.core.steps.BaseStepListener - stepFinished: current outcome:user registration on page utest:William abrir [william opens the Utest page, william clicks on Boton Login], Given than william want register in utest [William abrir [william opens the Utest page, william clicks on Boton Login]]
[Test worker] WARN net.thucydides.core.steps.BaseStepListener - stepStarted: net.thucydides.core.steps.ExecutedStepDescription@61874b9d
[Test worker] WARN net.thucydides.core.steps.BaseStepListener - stepStarted: net.thucydides.core.steps.ExecutedStepDescription@546394ed
[Test worker] WARN net.thucydides.core.steps.BaseStepListener - stepStarted: net.thucydides.core.steps.ExecutedStepDescription@4eaf7902
[Test worker] WARN net.thucydides.core.steps.BaseStepListener - stepFinished: current outcome:user registration on page utest:William abrir [william opens the Utest page, william clicks on Boton Login], Given than william want register in utest [William abrir [william opens the Utest page, william clicks on Boton Login]], When he enters the data into the form
| strNAME | strLAST_NAME | strEMAIL | strMONTH | strDAY | strYEAR | strCITY | strZIP | str COUNTRY |
| william | Maldonado | prueba@utest.com | June | 5 | 1994 | Bogota | 55555 | Colombia | [William fill data [william enters 'william' into NAME]]
[Test worker] WARN net.thucydides.core.steps.BaseStepListener - stepStarted: net.thucydides.core.steps.ExecutedStepDescription@ee8e7ff
[Test worker] WARN net.thucydides.core.steps.BaseStepListener - stepFinished: current outcome:user registration on page utest:William abrir [william opens the Utest page, william clicks on Boton Login], Given than william want register in utest [William abrir [william opens the Utest page, william clicks on Boton Login]], When he enters the data into the form
| strNAME | strLAST_NAME | strEMAIL | strMONTH | strDAY | strYEAR | strCITY | strZIP | str COUNTRY |
| william | Maldonado | prueba@utest.com | June | 5 | 1994 | Bogota | 55555 | Colombia | [William fill data [william enters 'william' into NAME, william enters 'Maldonado' into lAST_NAME]]
[Test worker] WARN net.thucydides.core.steps.BaseStepListener - stepStarted: net.thucydides.core.steps.ExecutedStepDescription@740b6628
[Test worker] WARN net.thucydides.core.steps.BaseStepListener - stepFinished: current outcome:user registration on page utest:William abrir [william opens the Utest page, william clicks on Boton Login], Given than william want register in utest [William abrir [william opens the Utest page, william clicks on Boton Login]], When he enters the data into the form
| strNAME | strLAST_NAME | strEMAIL | strMONTH | strDAY | strYEAR | strCITY | strZIP | str COUNTRY |
| william | Maldonado | prueba@utest.com | June | 5 | 1994 | Bogota | 55555 | Colombia | [William fill data [william enters 'william' into NAME, william enters 'Maldonado' into lAST_NAME, william enters 'prueba@utest.com' into EMAIL]]
[Test worker] WARN net.thucydides.core.steps.BaseStepListener - stepStarted: net.thucydides.core.steps.ExecutedStepDescription@3ece79fe
[Test worker] WARN net.thucydides.core.steps.BaseStepListener - stepFinished: current outcome:user registration on page utest:William abrir [william opens the Utest page, william clicks on Boton Login], Given than william want register in utest [William abrir [william opens the Utest page, william clicks on Boton Login]], When he enters the data into the form
| strNAME | strLAST_NAME | strEMAIL | strMONTH | strDAY | strYEAR | strCITY | strZIP | str COUNTRY |
| william | Maldonado | prueba@utest.com | June | 5 | 1994 | Bogota | 55555 | Colombia | [William fill data [william enters 'william' into NAME, william enters 'Maldonado' into lAST_NAME, william enters 'prueba@utest.com' into EMAIL, william select June on MONTH]]
[Test worker] WARN net.thucydides.core.steps.BaseStepListener - stepStarted: net.thucydides.core.steps.ExecutedStepDescription@8f40022
[Test worker] WARN net.thucydides.core.steps.BaseStepListener - stepFinished: current outcome:user registration on page utest:William abrir [william opens the Utest page, william clicks on Boton Login], Given than william want register in utest [William abrir [william opens the Utest page, william clicks on Boton Login]], When he enters the data into the form
| strNAME | strLAST_NAME | strEMAIL | strMONTH | strDAY | strYEAR | strCITY | strZIP | str COUNTRY |
| william | Maldonado | prueba@utest.com | June | 5 | 1994 | Bogota | 55555 | Colombia | [William fill data [william enters 'william' into NAME, william enters 'Maldonado' into lAST_NAME, william enters 'prueba@utest.com' into EMAIL, william select June on MONTH, william select 5 on DAY]]
[Test worker] WARN net.thucydides.core.steps.BaseStepListener - stepStarted: net.thucydides.core.steps.ExecutedStepDescription@7573b9ee
[Test worker] WARN net.thucydides.core.steps.BaseStepListener - stepFinished: current outcome:user registration on page utest:William abrir [william opens the Utest page, william clicks on Boton Login], Given than william want register in utest [William abrir [william opens the Utest page, william clicks on Boton Login]], When he enters the data into the form
| strNAME | strLAST_NAME | strEMAIL | strMONTH | strDAY | strYEAR | strCITY | strZIP | str COUNTRY |
| william | Maldonado | prueba@utest.com | June | 5 | 1994 | Bogota | 55555 | Colombia | [William fill data [william enters 'william' into NAME, william enters 'Maldonado' into lAST_NAME, william enters 'prueba@utest.com' into EMAIL, william select June on MONTH, william select 5 on DAY, william select 1994 on YEAR]]
[Test worker] WARN net.thucydides.core.steps.BaseStepListener - stepStarted: net.thucydides.core.steps.ExecutedStepDescription@12417468
[Test worker] WARN net.thucydides.core.steps.BaseStepListener - stepFinished: current outcome:user registration on page utest:William abrir [william opens the Utest page, william clicks on Boton Login], Given than william want register in utest [William abrir [william opens the Utest page, william clicks on Boton Login]], When he enters the data into the form
| strNAME | strLAST_NAME | strEMAIL | strMONTH | strDAY | strYEAR | strCITY | strZIP | str COUNTRY |
| william | Maldonado | prueba@utest.com | June | 5 | 1994 | Bogota | 55555 | Colombia | [William fill data [william enters 'william' into NAME, william enters 'Maldonado' into lAST_NAME, william enters 'prueba@utest.com' into EMAIL, william select June on MONTH, william select 5 on DAY, william select 1994 on YEAR, william clicks on BOTON_NEXT]]
[Test worker] WARN net.thucydides.core.steps.BaseStepListener - stepFinished: current outcome:user registration on page utest:William abrir [william opens the Utest page, william clicks on Boton Login], Given than william want register in utest [William abrir [william opens the Utest page, william clicks on Boton Login]], When he enters the data into the form
| strNAME | strLAST_NAME | strEMAIL | strMONTH | strDAY | strYEAR | strCITY | strZIP | str COUNTRY |
| william | Maldonado | prueba@utest.com | June | 5 | 1994 | Bogota | 55555 | Colombia | [William fill data [william enters 'william' into NAME, william enters 'Maldonado' into lAST_NAME, william enters 'prueba@utest.com' into EMAIL, william select June on MONTH, william select 5 on DAY, william select 1994 on YEAR, william clicks on BOTON_NEXT]]
[Test worker] WARN net.thucydides.core.steps.BaseStepListener - stepStarted: net.thucydides.core.steps.ExecutedStepDescription@63a9c661
[Test worker] WARN net.thucydides.core.steps.BaseStepListener - stepStarted: net.thucydides.core.steps.ExecutedStepDescription@2de6f1bc
[Test worker] WARN net.thucydides.core.steps.BaseStepListener - stepFinished: current outcome:user registration on page utest:William abrir [william opens the Utest page, william clicks on Boton Login], Given than william want register in utest [William abrir [william opens the Utest page, william clicks on Boton Login]], When he enters the data into the form
| strNAME | strLAST_NAME | strEMAIL | strMONTH | strDAY | strYEAR | strCITY | strZIP | str COUNTRY |
| william | Maldonado | prueba@utest.com | June | 5 | 1994 | Bogota | 55555 | Colombia | [William fill data [william enters 'william' into NAME, william enters 'Maldonado' into lAST_NAME, william enters 'prueba@utest.com' into EMAIL, william select June on MONTH, william select 5 on DAY, william select 1994 on YEAR, william clicks on BOTON_NEXT], William fill address [william enters 'Bogota' into CITY]]
[Test worker] WARN net.thucydides.core.steps.BaseStepListener - stepStarted: net.thucydides.core.steps.ExecutedStepDescription@3c25cfe1
[Test worker] WARN net.thucydides.core.steps.BaseStepListener - stepFinished: current outcome:user registration on page utest:William abrir [william opens the Utest page, william clicks on Boton Login], Given than william want register in utest [William abrir [william opens the Utest page, william clicks on Boton Login]], When he enters the data into the form
| strNAME | strLAST_NAME | strEMAIL | strMONTH | strDAY | strYEAR | strCITY | strZIP | str COUNTRY |
| william | Maldonado | prueba@utest.com | June | 5 | 1994 | Bogota | 55555 | Colombia | [William fill data [william enters 'william' into NAME, william enters 'Maldonado' into lAST_NAME, william enters 'prueba@utest.com' into EMAIL, william select June on MONTH, william select 5 on DAY, william select 1994 on YEAR, william clicks on BOTON_NEXT], William fill address [william enters 'Bogota' into CITY, william types 'ARROW_DOWN' in CITY]]
[Test worker] WARN net.thucydides.core.steps.BaseStepListener - stepStarted: net.thucydides.core.steps.ExecutedStepDescription@c2df90e
[Test worker] WARN net.thucydides.core.steps.BaseStepListener - stepFinished: current outcome:user registration on page utest:William abrir [william opens the Utest page, william clicks on Boton Login], Given than william want register in utest [William abrir [william opens the Utest page, william clicks on Boton Login]], When he enters the data into the form
| strNAME | strLAST_NAME | strEMAIL | strMONTH | strDAY | strYEAR | strCITY | strZIP | str COUNTRY |
| william | Maldonado | prueba@utest.com | June | 5 | 1994 | Bogota | 55555 | Colombia | [William fill data [william enters 'william' into NAME, william enters 'Maldonado' into lAST_NAME, william enters 'prueba@utest.com' into EMAIL, william select June on MONTH, william select 5 on DAY, william select 1994 on YEAR, william clicks on BOTON_NEXT], William fill address [william enters 'Bogota' into CITY, william types 'ARROW_DOWN' in CITY, william types 'ENTER' in CITY]]
[Test worker] WARN net.thucydides.core.steps.BaseStepListener - stepStarted: net.thucydides.core.steps.ExecutedStepDescription@32256e68
[Test worker] WARN net.thucydides.core.steps.BaseStepListener - stepFinished: current outcome:user registration on page utest:William abrir [william opens the Utest page, william clicks on Boton Login], Given than william want register in utest [William abrir [william opens the Utest page, william clicks on Boton Login]], When he enters the data into the form
| strNAME | strLAST_NAME | strEMAIL | strMONTH | strDAY | strYEAR | strCITY | strZIP | str COUNTRY |
| william | Maldonado | prueba@utest.com | June | 5 | 1994 | Bogota | 55555 | Colombia | [William fill data [william enters 'william' into NAME, william enters 'Maldonado' into lAST_NAME, william enters 'prueba@utest.com' into EMAIL, william select June on MONTH, william select 5 on DAY, william select 1994 on YEAR, william clicks on BOTON_NEXT], William fill address [william enters 'Bogota' into CITY, william types 'ARROW_DOWN' in CITY, william types 'ENTER' in CITY, william enters '55555' into Postal Code]]
[Test worker] WARN net.thucydides.core.steps.BaseStepListener - stepStarted: net.thucydides.core.steps.ExecutedStepDescription@15c6027d
[Test worker] WARN net.thucydides.core.steps.BaseStepListener - stepFinished: current outcome:user registration on page utest:William abrir [william opens the Utest page, william clicks on Boton Login], Given than william want register in utest [William abrir [william opens the Utest page, william clicks on Boton Login]], When he enters the data into the form
| strNAME | strLAST_NAME | strEMAIL | strMONTH | strDAY | strYEAR | strCITY | strZIP | str COUNTRY |
| william | Maldonado | prueba@utest.com | June | 5 | 1994 | Bogota | 55555 | Colombia | [William fill data [william enters 'william' into NAME, william enters 'Maldonado' into lAST_NAME, william enters 'prueba@utest.com' into EMAIL, william select June on MONTH, william select 5 on DAY, william select 1994 on YEAR, william clicks on BOTON_NEXT], William fill address [william enters 'Bogota' into CITY, william types 'ARROW_DOWN' in CITY, william types 'ENTER' in CITY, william enters '55555' into Postal Code, william clicks on Country Container]]
[Test worker] WARN net.thucydides.core.steps.BaseStepListener - stepStarted: net.thucydides.core.steps.ExecutedStepDescription@62ade015
[Test worker] WARN net.thucydides.core.steps.BaseStepListener - stepFinished: current outcome:user registration on page utest:William abrir [william opens the Utest page, william clicks on Boton Login], Given than william want register in utest [William abrir [william opens the Utest page, william clicks on Boton Login]], When he enters the data into the form
| strNAME | strLAST_NAME | strEMAIL | strMONTH | strDAY | strYEAR | strCITY | strZIP | str COUNTRY |
| william | Maldonado | prueba@utest.com | June | 5 | 1994 | Bogota | 55555 | Colombia | [William fill data [william enters 'william' into NAME, william enters 'Maldonado' into lAST_NAME, william enters 'prueba@utest.com' into EMAIL, william select June on MONTH, william select 5 on DAY, william select 1994 on YEAR, william clicks on BOTON_NEXT], William fill address [william enters 'Bogota' into CITY, william types 'ARROW_DOWN' in CITY, william types 'ENTER' in CITY, william enters '55555' into Postal Code, william clicks on Country Container, william enters 'Colombia' then hits ARROW_DOWN and ENTER into Country]]
[Test worker] WARN net.thucydides.core.steps.BaseStepListener - stepStarted: net.thucydides.core.steps.ExecutedStepDescription@39549f33
[Test worker] WARN net.thucydides.core.steps.BaseStepListener - stepFinished: current outcome:user registration on page utest:William abrir [william opens the Utest page, william clicks on Boton Login], Given than william want register in utest [William abrir [william opens the Utest page, william clicks on Boton Login]], When he enters the data into the form
| strNAME | strLAST_NAME | strEMAIL | strMONTH | strDAY | strYEAR | strCITY | strZIP | str COUNTRY |
| william | Maldonado | prueba@utest.com | June | 5 | 1994 | Bogota | 55555 | Colombia | [William fill data [william enters 'william' into NAME, william enters 'Maldonado' into lAST_NAME, william enters 'prueba@utest.com' into EMAIL, william select June on MONTH, william select 5 on DAY, william select 1994 on YEAR, william clicks on BOTON_NEXT], William fill address [william enters 'Bogota' into CITY, william types 'ARROW_DOWN' in CITY, william types 'ENTER' in CITY, william enters '55555' into Postal Code, william clicks on Country Container, william enters 'Colombia' then hits ARROW_DOWN and ENTER into Country, william clicks on BOTON DEVICE]]
[Test worker] WARN net.thucydides.core.steps.BaseStepListener - stepFinished: current outcome:user registration on page utest:William abrir [william opens the Utest page, william clicks on Boton Login], Given than william want register in utest [William abrir [william opens the Utest page, william clicks on Boton Login]], When he enters the data into the form
| strNAME | strLAST_NAME | strEMAIL | strMONTH | strDAY | strYEAR | strCITY | strZIP | str COUNTRY |
| william | Maldonado | prueba@utest.com | June | 5 | 1994 | Bogota | 55555 | Colombia | [William fill data [william enters 'william' into NAME, william enters 'Maldonado' into lAST_NAME, william enters 'prueba@utest.com' into EMAIL, william select June on MONTH, william select 5 on DAY, william select 1994 on YEAR, william clicks on BOTON_NEXT], William fill address [william enters 'Bogota' into CITY, william types 'ARROW_DOWN' in CITY, william types 'ENTER' in CITY, william enters '55555' into Postal Code, william clicks on Country Container, william enters 'Colombia' then hits ARROW_DOWN and ENTER into Country, william clicks on BOTON DEVICE]]
[Test worker] WARN net.thucydides.core.steps.BaseStepListener - stepFinished: current outcome:user registration on page utest:William abrir [william opens the Utest page, william clicks on Boton Login], Given than william want register in utest [William abrir [william opens the Utest page, william clicks on Boton Login]], When he enters the data into the form
| strNAME | strLAST_NAME | strEMAIL | strMONTH | strDAY | strYEAR | strCITY | strZIP | str COUNTRY |
| william | Maldonado | prueba@utest.com | June | 5 | 1994 | Bogota | 55555 | Colombia | [William fill data [william enters 'william' into NAME, william enters 'Maldonado' into lAST_NAME, william enters 'prueba@utest.com' into EMAIL, william select June on MONTH, william select 5 on DAY, william select 1994 on YEAR, william clicks on BOTON_NEXT], William fill address [william enters 'Bogota' into CITY, william types 'ARROW_DOWN' in CITY, william types 'ENTER' in CITY, william enters '55555' into Postal Code, william clicks on Country Container, william enters 'Colombia' then hits ARROW_DOWN and ENTER into Country, william clicks on BOTON DEVICE]]
[Test worker] WARN net.thucydides.core.steps.BaseStepListener - stepStarted: net.thucydides.core.steps.ExecutedStepDescription@35cec305
[Test worker] WARN net.thucydides.core.steps.BaseStepListener - stepFinished: current outcome:user registration on page utest:William abrir [william opens the Utest page, william clicks on Boton Login], Given than william want register in utest [William abrir [william opens the Utest page, william clicks on Boton Login]], When he enters the data into the form
| strNAME | strLAST_NAME | strEMAIL | strMONTH | strDAY | strYEAR | strCITY | strZIP | str COUNTRY |
| william | Maldonado | prueba@utest.com | June | 5 | 1994 | Bogota | 55555 | Colombia | [William fill data [william enters 'william' into NAME, william enters 'Maldonado' into lAST_NAME, william enters 'prueba@utest.com' into EMAIL, william select June on MONTH, william select 5 on DAY, william select 1994 on YEAR, william clicks on BOTON_NEXT], William fill address [william enters 'Bogota' into CITY, william types 'ARROW_DOWN' in CITY, william types 'ENTER' in CITY, william enters '55555' into Postal Code, william clicks on Country Container, william enters 'Colombia' then hits ARROW_DOWN and ENTER into Country, william clicks on BOTON DEVICE]], Then registration is complete when we see the complete setup button
[Test worker] WARN net.thucydides.core.steps.BaseStepListener - testFinished: user registration on page utest:William abrir [william opens the Utest page, william clicks on Boton Login], Given than william want register in utest [William abrir [william opens the Utest page, william clicks on Boton Login]], When he enters the data into the form
| strNAME | strLAST_NAME | strEMAIL | strMONTH | strDAY | strYEAR | strCITY | strZIP | str COUNTRY |
| william | Maldonado | prueba@utest.com | June | 5 | 1994 | Bogota | 55555 | Colombia | [William fill data [william enters 'william' into NAME, william enters 'Maldonado' into lAST_NAME, william enters 'prueba@utest.com' into EMAIL, william select June on MONTH, william select 5 on DAY, william select 1994 on YEAR, william clicks on BOTON_NEXT], William fill address [william enters 'Bogota' into CITY, william types 'ARROW_DOWN' in CITY, william types 'ENTER' in CITY, william enters '55555' into Postal Code, william clicks on Country Container, william enters 'Colombia' then hits ARROW_DOWN and ENTER into Country, william clicks on BOTON DEVICE]], Then registration is complete when we see the complete setup button
[Test worker] WARN net.thucydides.core.steps.BaseStepListener - TestOutcomes: [user registration on page utest:William abrir [william opens the Utest page, william clicks on Boton Login], Given than william want register in utest [William abrir [william opens the Utest page, william clicks on Boton Login]], When he enters the data into the form
| strNAME | strLAST_NAME | strEMAIL | strMONTH | strDAY | strYEAR | strCITY | strZIP | str COUNTRY |
| william | Maldonado | prueba@utest.com | June | 5 | 1994 | Bogota | 55555 | Colombia | [William fill data [william enters 'william' into NAME, william enters 'Maldonado' into lAST_NAME, william enters 'prueba@utest.com' into EMAIL, william select June on MONTH, william select 5 on DAY, william select 1994 on YEAR, william clicks on BOTON_NEXT], William fill address [william enters 'Bogota' into CITY, william types 'ARROW_DOWN' in CITY, william types 'ENTER' in CITY, william enters '55555' into Postal Code, william clicks on Country Container, william enters 'Colombia' then hits ARROW_DOWN and ENTER into Country, william clicks on BOTON DEVICE]], Then registration is complete when we see the complete setup button]
[Test worker] WARN net.thucydides.core.steps.BaseStepListener - Final testOutcomes: [user registration on page utest:William abrir [william opens the Utest page, william clicks on Boton Login], Given than william want register in utest [William abrir [william opens the Utest page, william clicks on Boton Login]], When he enters the data into the form
| strNAME | strLAST_NAME | strEMAIL | strMONTH | strDAY | strYEAR | strCITY | strZIP | str COUNTRY |
| william | Maldonado | prueba@utest.com | June | 5 | 1994 | Bogota | 55555 | Colombia | [William fill data [william enters 'william' into NAME, william enters 'Maldonado' into lAST_NAME, william enters 'prueba@utest.com' into EMAIL, william select June on MONTH, william select 5 on DAY, william select 1994 on YEAR, william clicks on BOTON_NEXT], William fill address [william enters 'Bogota' into CITY, william types 'ARROW_DOWN' in CITY, william types 'ENTER' in CITY, william enters '55555' into Postal Code, william clicks on Country Container, william enters 'Colombia' then hits ARROW_DOWN and ENTER into Country, william clicks on BOTON DEVICE]], Then registration is complete when we see the complete setup button]
[Test worker] INFO net.thucydides.core.steps.ConsoleLoggingListener - 
        __    _____ _____ ____ _____   ____   _    ____  ____  _____ ____  
  _     \ \  |_   _| ____/ ___|_   _| |  _ \ / \  / ___|/ ___|| ____|  _ \ 
 (_)_____| |   | | |  _| \___ \ | |   | |_) / _ \ \___ \\___ \|  _| | | | |
  _|_____| |   | | | |___ ___) || |   |  __/ ___ \ ___) |___) | |___| |_| |
 (_)     | |   |_| |_____|____/ |_|   |_| /_/   \_\____/|____/|_____|____/ 
        /_/                                                                

TEST PASSED: user registration on page utest
----------------------------------------------------------------------------
]]></system-err>
</testsuite>
